Started GET "/" for 127.0.0.1 at 2019-07-29 16:58:34 -0300
  [1m[35m (58.6ms)[0m  [1m[35mSET NAMES utf8,  @@SESSION.sql_mode = CONCAT(CONCAT(@@sql_mode, ',STRICT_ALL_TABLES'), ',NO_AUTO_VALUE_ON_ZERO'),  @@SESSION.sql_auto_is_null = 0, @@SESSION.wait_timeout = 2147483[0m
  ↳ /home/lucas/.rbenv/versions/2.5.3/lib/ruby/gems/2.5.0/gems/activerecord-5.2.3/lib/active_record/log_subscriber.rb:98
  [1m[35m (0.4ms)[0m  [1m[34mSELECT `schema_migrations`.`version` FROM `schema_migrations` ORDER BY `schema_migrations`.`version` ASC[0m
  ↳ /home/lucas/.rbenv/versions/2.5.3/lib/ruby/gems/2.5.0/gems/activerecord-5.2.3/lib/active_record/log_subscriber.rb:98
Processing by WelcomeController#index as HTML
  [1m[36mUser Exists (0.4ms)[0m  [1m[34mSELECT  1 AS one FROM `users` WHERE (nome LIKE '%%' OR matricula LIKE '%%' OR licenciatura LIKE '%%' OR periodo LIKE '%%' OR email LIKE '%%') LIMIT 1 OFFSET 0[0m
  ↳ app/controllers/welcome_controller.rb:5
  Rendering welcome/index.html.erb within layouts/application
  Rendered welcome/index.html.erb within layouts/application (12.5ms)
Completed 200 OK in 3286ms (Views: 3198.6ms | ActiveRecord: 37.2ms)


Started GET "/users/sign_in" for 127.0.0.1 at 2019-07-29 16:58:40 -0300
Processing by Devise::SessionsController#new as HTML
  Rendering devise/sessions/new.html.erb within layouts/application
  Rendered devise/shared/_links.html.erb (1.6ms)
  Rendered devise/sessions/new.html.erb within layouts/application (506.2ms)
Completed 200 OK in 703ms (Views: 648.5ms | ActiveRecord: 1.8ms)


Started POST "/users/sign_in" for 127.0.0.1 at 2019-07-29 16:58:44 -0300
Processing by Devise::SessionsController#create as HTML
  Parameters: {"utf8"=>"✓", "authenticity_token"=>"nCsQPQ8vhbBwv328Bzi/bzd1/+hsi79LECcXlgkSE7Q252BkzRotvi/kM/LtnSs4HUNtRDkOJAy0k/9wlalfJA==", "user"=>{"email"=>"lucassiqueirafernandes07@gmail.com", "password"=>"[FILTERED]", "remember_me"=>"0"}, "commit"=>"Entrar"}
  [1m[36mUser Load (0.4ms)[0m  [1m[34mSELECT  `users`.* FROM `users` WHERE `users`.`email` = 'lucassiqueirafernandes07@gmail.com' ORDER BY `users`.`id` ASC LIMIT 1[0m
  ↳ /home/lucas/.rbenv/versions/2.5.3/lib/ruby/gems/2.5.0/gems/activerecord-5.2.3/lib/active_record/log_subscriber.rb:98
Redirected to http://localhost:3000/
Completed 302 Found in 357ms (ActiveRecord: 0.4ms)


Started GET "/" for 127.0.0.1 at 2019-07-29 16:58:44 -0300
Processing by WelcomeController#index as HTML
  [1m[36mUser Exists (0.4ms)[0m  [1m[34mSELECT  1 AS one FROM `users` WHERE (nome LIKE '%%' OR matricula LIKE '%%' OR licenciatura LIKE '%%' OR periodo LIKE '%%' OR email LIKE '%%') LIMIT 1 OFFSET 0[0m
  ↳ app/controllers/welcome_controller.rb:5
  Rendering welcome/index.html.erb within layouts/application
  [1m[36mUser Load (0.4ms)[0m  [1m[34mSELECT  `users`.* FROM `users` WHERE `users`.`id` = 1 ORDER BY `users`.`id` ASC LIMIT 1[0m
  ↳ app/views/welcome/index.html.erb:1
  [1m[36mUser Load (0.6ms)[0m  [1m[34mSELECT  `users`.* FROM `users` WHERE (nome LIKE '%%' OR matricula LIKE '%%' OR licenciatura LIKE '%%' OR periodo LIKE '%%' OR email LIKE '%%') ORDER BY `users`.`nome` ASC LIMIT 10 OFFSET 0[0m
  ↳ app/views/welcome/index.html.erb:34
  Rendered welcome/index.html.erb within layouts/application (11.4ms)
Completed 200 OK in 65ms (Views: 58.7ms | ActiveRecord: 1.4ms)


Started GET "/welcome/edit?curso=Geografia&email=teste2%40teste.com&id=4&matricula=00000000034&nome=teste2&periodo=5.%C2%BA" for 127.0.0.1 at 2019-07-29 16:58:54 -0300
Processing by WelcomeController#edit as HTML
  Parameters: {"curso"=>"Geografia", "email"=>"teste2@teste.com", "id"=>"4", "matricula"=>"00000000034", "nome"=>"teste2", "periodo"=>"5.º"}
  Rendering welcome/edit.html.erb within layouts/application
  [1m[36mUser Load (0.4ms)[0m  [1m[34mSELECT  `users`.* FROM `users` WHERE `users`.`id` = 1 ORDER BY `users`.`id` ASC LIMIT 1[0m
  ↳ app/views/welcome/edit.html.erb:6
  Rendered welcome/edit.html.erb within layouts/application (4.6ms)
Completed 200 OK in 94ms (Views: 66.1ms | ActiveRecord: 0.4ms)


Started GET "/" for 127.0.0.1 at 2019-07-29 16:58:57 -0300
Processing by WelcomeController#index as HTML
  [1m[36mUser Exists (0.4ms)[0m  [1m[34mSELECT  1 AS one FROM `users` WHERE (nome LIKE '%%' OR matricula LIKE '%%' OR licenciatura LIKE '%%' OR periodo LIKE '%%' OR email LIKE '%%') LIMIT 1 OFFSET 0[0m
  ↳ app/controllers/welcome_controller.rb:5
  Rendering welcome/index.html.erb within layouts/application
  [1m[36mUser Load (0.4ms)[0m  [1m[34mSELECT  `users`.* FROM `users` WHERE `users`.`id` = 1 ORDER BY `users`.`id` ASC LIMIT 1[0m
  ↳ app/views/welcome/index.html.erb:1
  [1m[36mUser Load (0.5ms)[0m  [1m[34mSELECT  `users`.* FROM `users` WHERE (nome LIKE '%%' OR matricula LIKE '%%' OR licenciatura LIKE '%%' OR periodo LIKE '%%' OR email LIKE '%%') ORDER BY `users`.`nome` ASC LIMIT 10 OFFSET 0[0m
  ↳ app/views/welcome/index.html.erb:34
  Rendered welcome/index.html.erb within layouts/application (11.8ms)
Completed 200 OK in 67ms (Views: 63.4ms | ActiveRecord: 1.3ms)


Started GET "/admin_relatorio/centro_index?id=5" for 127.0.0.1 at 2019-07-29 16:59:03 -0300
Processing by AdminRelatorioController#centro_index as HTML
  Parameters: {"id"=>"5"}
  [1m[36mUser Load (0.4ms)[0m  [1m[34mSELECT  `users`.* FROM `users` WHERE `users`.`id` = 5 LIMIT 1[0m
  ↳ app/controllers/admin_relatorio_controller.rb:23
  Rendering admin_relatorio/centro_index.html.erb within layouts/application
  [1m[36mUser Load (0.4ms)[0m  [1m[34mSELECT  `users`.* FROM `users` WHERE `users`.`id` = 1 ORDER BY `users`.`id` ASC LIMIT 1[0m
  ↳ app/views/admin_relatorio/centro_index.html.erb:5
  [1m[36mRelatorio Load (8.6ms)[0m  [1m[34mSELECT `relatorios`.* FROM `relatorios`[0m
  ↳ app/views/admin_relatorio/centro_index.html.erb:7
  Rendered admin_relatorio/centro_index.html.erb within layouts/application (49.2ms)
Completed 200 OK in 186ms (Views: 83.3ms | ActiveRecord: 10.4ms)


Started GET "/" for 127.0.0.1 at 2019-07-29 16:59:22 -0300
Processing by WelcomeController#index as HTML
  [1m[36mUser Exists (0.4ms)[0m  [1m[34mSELECT  1 AS one FROM `users` WHERE (nome LIKE '%%' OR matricula LIKE '%%' OR licenciatura LIKE '%%' OR periodo LIKE '%%' OR email LIKE '%%') LIMIT 1 OFFSET 0[0m
  ↳ app/controllers/welcome_controller.rb:5
  Rendering welcome/index.html.erb within layouts/application
  [1m[36mUser Load (0.4ms)[0m  [1m[34mSELECT  `users`.* FROM `users` WHERE `users`.`id` = 1 ORDER BY `users`.`id` ASC LIMIT 1[0m
  ↳ app/views/welcome/index.html.erb:1
  [1m[36mUser Load (0.7ms)[0m  [1m[34mSELECT  `users`.* FROM `users` WHERE (nome LIKE '%%' OR matricula LIKE '%%' OR licenciatura LIKE '%%' OR periodo LIKE '%%' OR email LIKE '%%') ORDER BY `users`.`nome` ASC LIMIT 10 OFFSET 0[0m
  ↳ app/views/welcome/index.html.erb:34
  Rendered welcome/index.html.erb within layouts/application (11.8ms)
Completed 200 OK in 61ms (Views: 56.4ms | ActiveRecord: 1.5ms)


Started GET "/users/edit" for 127.0.0.1 at 2019-07-29 16:59:46 -0300
Processing by Users::RegistrationsController#edit as HTML
  [1m[36mUser Load (0.5ms)[0m  [1m[34mSELECT  `users`.* FROM `users` WHERE `users`.`id` = 1 ORDER BY `users`.`id` ASC LIMIT 1[0m
  ↳ /home/lucas/.rbenv/versions/2.5.3/lib/ruby/gems/2.5.0/gems/activerecord-5.2.3/lib/active_record/log_subscriber.rb:98
  Rendering devise/registrations/edit.html.erb within layouts/application
  Rendered devise/registrations/edit.html.erb within layouts/application (3.3ms)
Completed 200 OK in 88ms (Views: 84.9ms | ActiveRecord: 0.5ms)


Started GET "/" for 127.0.0.1 at 2019-07-29 16:59:51 -0300
Processing by WelcomeController#index as HTML
  [1m[36mUser Exists (0.5ms)[0m  [1m[34mSELECT  1 AS one FROM `users` WHERE (nome LIKE '%%' OR matricula LIKE '%%' OR licenciatura LIKE '%%' OR periodo LIKE '%%' OR email LIKE '%%') LIMIT 1 OFFSET 0[0m
  ↳ app/controllers/welcome_controller.rb:5
  Rendering welcome/index.html.erb within layouts/application
  [1m[36mUser Load (0.4ms)[0m  [1m[34mSELECT  `users`.* FROM `users` WHERE `users`.`id` = 1 ORDER BY `users`.`id` ASC LIMIT 1[0m
  ↳ app/views/welcome/index.html.erb:1
  [1m[36mUser Load (0.5ms)[0m  [1m[34mSELECT  `users`.* FROM `users` WHERE (nome LIKE '%%' OR matricula LIKE '%%' OR licenciatura LIKE '%%' OR periodo LIKE '%%' OR email LIKE '%%') ORDER BY `users`.`nome` ASC LIMIT 10 OFFSET 0[0m
  ↳ app/views/welcome/index.html.erb:34
  Rendered welcome/index.html.erb within layouts/application (11.9ms)
Completed 200 OK in 63ms (Views: 57.7ms | ActiveRecord: 1.5ms)


Started GET "/welcome/edit?curso=Napp%2FDirlic&email=lucassiqueirafernandes07%40gmail.com&id=1&matricula=000000000&nome=Lucas+Siqueira&periodo=Pedagoga%2FTAE" for 127.0.0.1 at 2019-07-29 16:59:58 -0300
Processing by WelcomeController#edit as HTML
  Parameters: {"curso"=>"Napp/Dirlic", "email"=>"lucassiqueirafernandes07@gmail.com", "id"=>"1", "matricula"=>"000000000", "nome"=>"Lucas Siqueira", "periodo"=>"Pedagoga/TAE"}
  Rendering welcome/edit.html.erb within layouts/application
  [1m[36mUser Load (0.4ms)[0m  [1m[34mSELECT  `users`.* FROM `users` WHERE `users`.`id` = 1 ORDER BY `users`.`id` ASC LIMIT 1[0m
  ↳ app/views/welcome/edit.html.erb:6
  Rendered welcome/edit.html.erb within layouts/application (5.3ms)
Completed 200 OK in 61ms (Views: 58.6ms | ActiveRecord: 0.4ms)


Started GET "/" for 127.0.0.1 at 2019-07-29 17:00:01 -0300
Processing by WelcomeController#index as HTML
  [1m[36mUser Exists (0.3ms)[0m  [1m[34mSELECT  1 AS one FROM `users` WHERE (nome LIKE '%%' OR matricula LIKE '%%' OR licenciatura LIKE '%%' OR periodo LIKE '%%' OR email LIKE '%%') LIMIT 1 OFFSET 0[0m
  ↳ app/controllers/welcome_controller.rb:5
  Rendering welcome/index.html.erb within layouts/application
  [1m[36mUser Load (0.3ms)[0m  [1m[34mSELECT  `users`.* FROM `users` WHERE `users`.`id` = 1 ORDER BY `users`.`id` ASC LIMIT 1[0m
  ↳ app/views/welcome/index.html.erb:1
  [1m[36mUser Load (0.4ms)[0m  [1m[34mSELECT  `users`.* FROM `users` WHERE (nome LIKE '%%' OR matricula LIKE '%%' OR licenciatura LIKE '%%' OR periodo LIKE '%%' OR email LIKE '%%') ORDER BY `users`.`nome` ASC LIMIT 10 OFFSET 0[0m
  ↳ app/views/welcome/index.html.erb:34
  Rendered welcome/index.html.erb within layouts/application (12.6ms)
Completed 200 OK in 67ms (Views: 63.5ms | ActiveRecord: 1.1ms)


Started GET "/admin_relatorio/publico_index?id=2" for 127.0.0.1 at 2019-07-29 17:00:04 -0300
Processing by AdminRelatorioController#publico_index as HTML
  Parameters: {"id"=>"2"}
  [1m[36mUser Load (0.4ms)[0m  [1m[34mSELECT  `users`.* FROM `users` WHERE `users`.`id` = 2 LIMIT 1[0m
  ↳ app/controllers/admin_relatorio_controller.rb:14
  Rendering admin_relatorio/publico_index.html.erb within layouts/application
  [1m[36mUser Load (0.4ms)[0m  [1m[34mSELECT  `users`.* FROM `users` WHERE `users`.`id` = 1 ORDER BY `users`.`id` ASC LIMIT 1[0m
  ↳ app/views/admin_relatorio/publico_index.html.erb:5
  [1m[36mRelatpublico Load (4.3ms)[0m  [1m[34mSELECT `relatpublicos`.* FROM `relatpublicos`[0m
  ↳ app/views/admin_relatorio/publico_index.html.erb:7
  Rendered admin_relatorio/publico_index.html.erb within layouts/application (47.4ms)
Completed 200 OK in 141ms (Views: 110.2ms | ActiveRecord: 6.1ms)


Started GET "/" for 127.0.0.1 at 2019-07-29 17:00:44 -0300
Processing by WelcomeController#index as HTML
  [1m[36mUser Exists (0.5ms)[0m  [1m[34mSELECT  1 AS one FROM `users` WHERE (nome LIKE '%%' OR matricula LIKE '%%' OR licenciatura LIKE '%%' OR periodo LIKE '%%' OR email LIKE '%%') LIMIT 1 OFFSET 0[0m
  ↳ app/controllers/welcome_controller.rb:5
  Rendering welcome/index.html.erb within layouts/application
  [1m[36mUser Load (0.4ms)[0m  [1m[34mSELECT  `users`.* FROM `users` WHERE `users`.`id` = 1 ORDER BY `users`.`id` ASC LIMIT 1[0m
  ↳ app/views/welcome/index.html.erb:1
  [1m[36mUser Load (0.6ms)[0m  [1m[34mSELECT  `users`.* FROM `users` WHERE (nome LIKE '%%' OR matricula LIKE '%%' OR licenciatura LIKE '%%' OR periodo LIKE '%%' OR email LIKE '%%') ORDER BY `users`.`nome` ASC LIMIT 10 OFFSET 0[0m
  ↳ app/views/welcome/index.html.erb:34
  Rendered welcome/index.html.erb within layouts/application (10.1ms)
Completed 200 OK in 72ms (Views: 66.4ms | ActiveRecord: 1.6ms)


Started GET "/admin_relatorio/publico_index?id=2" for 127.0.0.1 at 2019-07-29 17:00:47 -0300
Processing by AdminRelatorioController#publico_index as HTML
  Parameters: {"id"=>"2"}
  [1m[36mUser Load (0.5ms)[0m  [1m[34mSELECT  `users`.* FROM `users` WHERE `users`.`id` = 2 LIMIT 1[0m
  ↳ app/controllers/admin_relatorio_controller.rb:14
  Rendering admin_relatorio/publico_index.html.erb within layouts/application
  [1m[36mUser Load (0.4ms)[0m  [1m[34mSELECT  `users`.* FROM `users` WHERE `users`.`id` = 1 ORDER BY `users`.`id` ASC LIMIT 1[0m
  ↳ app/views/admin_relatorio/publico_index.html.erb:5
  [1m[36mRelatpublico Load (0.3ms)[0m  [1m[34mSELECT `relatpublicos`.* FROM `relatpublicos`[0m
  ↳ app/views/admin_relatorio/publico_index.html.erb:7
  Rendered admin_relatorio/publico_index.html.erb within layouts/application (12.5ms)
Completed 200 OK in 70ms (Views: 66.8ms | ActiveRecord: 1.2ms)


Started GET "/" for 127.0.0.1 at 2019-07-29 17:00:53 -0300
Processing by WelcomeController#index as HTML
  [1m[36mUser Exists (0.5ms)[0m  [1m[34mSELECT  1 AS one FROM `users` WHERE (nome LIKE '%%' OR matricula LIKE '%%' OR licenciatura LIKE '%%' OR periodo LIKE '%%' OR email LIKE '%%') LIMIT 1 OFFSET 0[0m
  ↳ app/controllers/welcome_controller.rb:5
  Rendering welcome/index.html.erb within layouts/application
  [1m[36mUser Load (0.4ms)[0m  [1m[34mSELECT  `users`.* FROM `users` WHERE `users`.`id` = 1 ORDER BY `users`.`id` ASC LIMIT 1[0m
  ↳ app/views/welcome/index.html.erb:1
  [1m[36mUser Load (0.7ms)[0m  [1m[34mSELECT  `users`.* FROM `users` WHERE (nome LIKE '%%' OR matricula LIKE '%%' OR licenciatura LIKE '%%' OR periodo LIKE '%%' OR email LIKE '%%') ORDER BY `users`.`nome` ASC LIMIT 10 OFFSET 0[0m
  ↳ app/views/welcome/index.html.erb:34
  Rendered welcome/index.html.erb within layouts/application (13.1ms)
Completed 200 OK in 89ms (Views: 84.6ms | ActiveRecord: 1.6ms)


Started GET "/admin_relatorio/centro_index?id=5" for 127.0.0.1 at 2019-07-29 17:00:57 -0300
Processing by AdminRelatorioController#centro_index as HTML
  Parameters: {"id"=>"5"}
  [1m[36mUser Load (0.5ms)[0m  [1m[34mSELECT  `users`.* FROM `users` WHERE `users`.`id` = 5 LIMIT 1[0m
  ↳ app/controllers/admin_relatorio_controller.rb:23
  Rendering admin_relatorio/centro_index.html.erb within layouts/application
  [1m[36mUser Load (0.4ms)[0m  [1m[34mSELECT  `users`.* FROM `users` WHERE `users`.`id` = 1 ORDER BY `users`.`id` ASC LIMIT 1[0m
  ↳ app/views/admin_relatorio/centro_index.html.erb:5
  [1m[36mRelatorio Load (0.3ms)[0m  [1m[34mSELECT `relatorios`.* FROM `relatorios`[0m
  ↳ app/views/admin_relatorio/centro_index.html.erb:7
  Rendered admin_relatorio/centro_index.html.erb within layouts/application (9.2ms)
Completed 200 OK in 72ms (Views: 68.8ms | ActiveRecord: 1.1ms)


Started GET "/" for 127.0.0.1 at 2019-07-29 17:01:03 -0300
Processing by WelcomeController#index as HTML
  [1m[36mUser Exists (0.4ms)[0m  [1m[34mSELECT  1 AS one FROM `users` WHERE (nome LIKE '%%' OR matricula LIKE '%%' OR licenciatura LIKE '%%' OR periodo LIKE '%%' OR email LIKE '%%') LIMIT 1 OFFSET 0[0m
  ↳ app/controllers/welcome_controller.rb:5
  Rendering welcome/index.html.erb within layouts/application
  [1m[36mUser Load (0.4ms)[0m  [1m[34mSELECT  `users`.* FROM `users` WHERE `users`.`id` = 1 ORDER BY `users`.`id` ASC LIMIT 1[0m
  ↳ app/views/welcome/index.html.erb:1
  [1m[36mUser Load (0.4ms)[0m  [1m[34mSELECT  `users`.* FROM `users` WHERE (nome LIKE '%%' OR matricula LIKE '%%' OR licenciatura LIKE '%%' OR periodo LIKE '%%' OR email LIKE '%%') ORDER BY `users`.`nome` ASC LIMIT 10 OFFSET 0[0m
  ↳ app/views/welcome/index.html.erb:34
  Rendered welcome/index.html.erb within layouts/application (11.8ms)
Completed 200 OK in 65ms (Views: 61.3ms | ActiveRecord: 1.2ms)


Started GET "/admin_relatorio/publico_index?id=2" for 127.0.0.1 at 2019-07-29 17:01:09 -0300
Processing by AdminRelatorioController#publico_index as HTML
  Parameters: {"id"=>"2"}
  [1m[36mUser Load (0.4ms)[0m  [1m[34mSELECT  `users`.* FROM `users` WHERE `users`.`id` = 2 LIMIT 1[0m
  ↳ app/controllers/admin_relatorio_controller.rb:14
  Rendering admin_relatorio/publico_index.html.erb within layouts/application
  [1m[36mUser Load (0.4ms)[0m  [1m[34mSELECT  `users`.* FROM `users` WHERE `users`.`id` = 1 ORDER BY `users`.`id` ASC LIMIT 1[0m
  ↳ app/views/admin_relatorio/publico_index.html.erb:5
  [1m[36mRelatpublico Load (0.6ms)[0m  [1m[34mSELECT `relatpublicos`.* FROM `relatpublicos`[0m
  ↳ app/views/admin_relatorio/publico_index.html.erb:7
  Rendered admin_relatorio/publico_index.html.erb within layouts/application (15.8ms)
Completed 200 OK in 70ms (Views: 66.3ms | ActiveRecord: 1.4ms)


Started GET "/" for 127.0.0.1 at 2019-07-29 17:01:17 -0300
Processing by WelcomeController#index as HTML
  [1m[36mUser Exists (0.4ms)[0m  [1m[34mSELECT  1 AS one FROM `users` WHERE (nome LIKE '%%' OR matricula LIKE '%%' OR licenciatura LIKE '%%' OR periodo LIKE '%%' OR email LIKE '%%') LIMIT 1 OFFSET 0[0m
  ↳ app/controllers/welcome_controller.rb:5
  Rendering welcome/index.html.erb within layouts/application
  [1m[36mUser Load (0.4ms)[0m  [1m[34mSELECT  `users`.* FROM `users` WHERE `users`.`id` = 1 ORDER BY `users`.`id` ASC LIMIT 1[0m
  ↳ app/views/welcome/index.html.erb:1
  [1m[36mUser Load (0.4ms)[0m  [1m[34mSELECT  `users`.* FROM `users` WHERE (nome LIKE '%%' OR matricula LIKE '%%' OR licenciatura LIKE '%%' OR periodo LIKE '%%' OR email LIKE '%%') ORDER BY `users`.`nome` ASC LIMIT 10 OFFSET 0[0m
  ↳ app/views/welcome/index.html.erb:34
  Rendered welcome/index.html.erb within layouts/application (11.3ms)
Completed 200 OK in 69ms (Views: 65.9ms | ActiveRecord: 1.2ms)


Started GET "/users/sign_out" for 127.0.0.1 at 2019-07-29 17:12:33 -0300
Processing by Devise::SessionsController#destroy as HTML
  [1m[36mUser Load (0.8ms)[0m  [1m[34mSELECT  `users`.* FROM `users` WHERE `users`.`id` = 1 ORDER BY `users`.`id` ASC LIMIT 1[0m
  ↳ /home/lucas/.rbenv/versions/2.5.3/lib/ruby/gems/2.5.0/gems/activerecord-5.2.3/lib/active_record/log_subscriber.rb:98
  [1m[35m (0.2ms)[0m  [1m[35mBEGIN[0m
  ↳ /home/lucas/.rbenv/versions/2.5.3/lib/ruby/gems/2.5.0/gems/activerecord-5.2.3/lib/active_record/log_subscriber.rb:98
  [1m[35m (0.2ms)[0m  [1m[35mCOMMIT[0m
  ↳ /home/lucas/.rbenv/versions/2.5.3/lib/ruby/gems/2.5.0/gems/activerecord-5.2.3/lib/active_record/log_subscriber.rb:98
Redirected to http://localhost:3000/
Completed 302 Found in 41ms (ActiveRecord: 1.1ms)


Started GET "/" for 127.0.0.1 at 2019-07-29 17:12:33 -0300
Processing by WelcomeController#index as HTML
  [1m[36mUser Exists (0.4ms)[0m  [1m[34mSELECT  1 AS one FROM `users` WHERE (nome LIKE '%%' OR matricula LIKE '%%' OR licenciatura LIKE '%%' OR periodo LIKE '%%' OR email LIKE '%%') LIMIT 1 OFFSET 0[0m
  ↳ app/controllers/welcome_controller.rb:5
  Rendering welcome/index.html.erb within layouts/application
  Rendered welcome/index.html.erb within layouts/application (4.1ms)
Completed 200 OK in 65ms (Views: 61.9ms | ActiveRecord: 0.4ms)


Started GET "/users/sign_up" for 127.0.0.1 at 2019-07-29 17:12:35 -0300
Processing by Users::RegistrationsController#new as HTML
  Rendering devise/registrations/new.html.erb within layouts/application
  Rendered devise/shared/_links.html.erb (1.3ms)
  Rendered devise/registrations/new.html.erb within layouts/application (10.4ms)
Completed 200 OK in 364ms (Views: 363.2ms | ActiveRecord: 0.0ms)


Started GET "/admin" for 127.0.0.1 at 2019-07-29 17:12:45 -0300
Processing by RailsAdmin::MainController#dashboard as HTML
  [1m[35m (18.0ms)[0m  [1m[34mSELECT COUNT(*) FROM `relatnaoformals`[0m
  ↳ /home/lucas/.rbenv/versions/2.5.3/lib/ruby/gems/2.5.0/gems/activerecord-5.2.3/lib/active_record/log_subscriber.rb:98
  [1m[36mRelatnaoformal Load (0.3ms)[0m  [1m[34mSELECT  `relatnaoformals`.* FROM `relatnaoformals` ORDER BY `relatnaoformals`.`id` DESC LIMIT 1[0m
  ↳ /home/lucas/.rbenv/versions/2.5.3/lib/ruby/gems/2.5.0/gems/activerecord-5.2.3/lib/active_record/log_subscriber.rb:98
  [1m[35m (0.4ms)[0m  [1m[34mSELECT COUNT(*) FROM `relatorios`[0m
  ↳ /home/lucas/.rbenv/versions/2.5.3/lib/ruby/gems/2.5.0/gems/activerecord-5.2.3/lib/active_record/log_subscriber.rb:98
  [1m[36mRelatorio Load (0.3ms)[0m  [1m[34mSELECT  `relatorios`.* FROM `relatorios` ORDER BY `relatorios`.`id` DESC LIMIT 1[0m
  ↳ /home/lucas/.rbenv/versions/2.5.3/lib/ruby/gems/2.5.0/gems/activerecord-5.2.3/lib/active_record/log_subscriber.rb:98
  [1m[35m (0.3ms)[0m  [1m[34mSELECT COUNT(*) FROM `relatoutros`[0m
  ↳ /home/lucas/.rbenv/versions/2.5.3/lib/ruby/gems/2.5.0/gems/activerecord-5.2.3/lib/active_record/log_subscriber.rb:98
  [1m[36mRelatoutro Load (0.4ms)[0m  [1m[34mSELECT  `relatoutros`.* FROM `relatoutros` ORDER BY `relatoutros`.`id` DESC LIMIT 1[0m
  ↳ /home/lucas/.rbenv/versions/2.5.3/lib/ruby/gems/2.5.0/gems/activerecord-5.2.3/lib/active_record/log_subscriber.rb:98
  [1m[35m (0.3ms)[0m  [1m[34mSELECT COUNT(*) FROM `relatparticulars`[0m
  ↳ /home/lucas/.rbenv/versions/2.5.3/lib/ruby/gems/2.5.0/gems/activerecord-5.2.3/lib/active_record/log_subscriber.rb:98
  [1m[36mRelatparticular Load (0.3ms)[0m  [1m[34mSELECT  `relatparticulars`.* FROM `relatparticulars` ORDER BY `relatparticulars`.`id` DESC LIMIT 1[0m
  ↳ /home/lucas/.rbenv/versions/2.5.3/lib/ruby/gems/2.5.0/gems/activerecord-5.2.3/lib/active_record/log_subscriber.rb:98
  [1m[35m (0.3ms)[0m  [1m[34mSELECT COUNT(*) FROM `relatpublicos`[0m
  ↳ /home/lucas/.rbenv/versions/2.5.3/lib/ruby/gems/2.5.0/gems/activerecord-5.2.3/lib/active_record/log_subscriber.rb:98
  [1m[36mRelatpublico Load (0.3ms)[0m  [1m[34mSELECT  `relatpublicos`.* FROM `relatpublicos` ORDER BY `relatpublicos`.`id` DESC LIMIT 1[0m
  ↳ /home/lucas/.rbenv/versions/2.5.3/lib/ruby/gems/2.5.0/gems/activerecord-5.2.3/lib/active_record/log_subscriber.rb:98
  [1m[35m (0.3ms)[0m  [1m[34mSELECT COUNT(*) FROM `users`[0m
  ↳ /home/lucas/.rbenv/versions/2.5.3/lib/ruby/gems/2.5.0/gems/activerecord-5.2.3/lib/active_record/log_subscriber.rb:98
  [1m[36mUser Load (0.3ms)[0m  [1m[34mSELECT  `users`.* FROM `users` ORDER BY `users`.`id` DESC LIMIT 1[0m
  ↳ /home/lucas/.rbenv/versions/2.5.3/lib/ruby/gems/2.5.0/gems/activerecord-5.2.3/lib/active_record/log_subscriber.rb:98
  Rendering /home/lucas/.rbenv/versions/2.5.3/lib/ruby/gems/2.5.0/gems/rails_admin-1.4.2/app/views/rails_admin/main/dashboard.html.haml within layouts/rails_admin/application
  Rendered /home/lucas/.rbenv/versions/2.5.3/lib/ruby/gems/2.5.0/gems/rails_admin-1.4.2/app/views/rails_admin/main/dashboard.html.haml within layouts/rails_admin/application (40.9ms)
  Rendered /home/lucas/.rbenv/versions/2.5.3/lib/ruby/gems/2.5.0/gems/rails_admin-1.4.2/app/views/layouts/rails_admin/_secondary_navigation.html.haml (3.9ms)
  Rendered /home/lucas/.rbenv/versions/2.5.3/lib/ruby/gems/2.5.0/gems/rails_admin-1.4.2/app/views/layouts/rails_admin/_navigation.html.haml (11.1ms)
  Rendered /home/lucas/.rbenv/versions/2.5.3/lib/ruby/gems/2.5.0/gems/rails_admin-1.4.2/app/views/layouts/rails_admin/_sidebar_navigation.html.haml (5.7ms)
  Rendering /home/lucas/.rbenv/versions/2.5.3/lib/ruby/gems/2.5.0/gems/rails_admin-1.4.2/app/views/layouts/rails_admin/pjax.html.haml
  Rendered /home/lucas/.rbenv/versions/2.5.3/lib/ruby/gems/2.5.0/gems/rails_admin-1.4.2/app/views/layouts/rails_admin/pjax.html.haml (5.9ms)
Completed 200 OK in 3089ms (Views: 848.9ms | ActiveRecord: 65.7ms)


Started GET "/welcome/index" for 127.0.0.1 at 2019-07-29 17:13:14 -0300
Processing by WelcomeController#index as HTML
  [1m[36mUser Exists (0.4ms)[0m  [1m[34mSELECT  1 AS one FROM `users` WHERE (nome LIKE '%%' OR matricula LIKE '%%' OR licenciatura LIKE '%%' OR periodo LIKE '%%' OR email LIKE '%%') LIMIT 1 OFFSET 0[0m
  ↳ app/controllers/welcome_controller.rb:5
  Rendering welcome/index.html.erb within layouts/application
  Rendered welcome/index.html.erb within layouts/application (5.7ms)
Completed 200 OK in 57ms (Views: 54.6ms | ActiveRecord: 0.4ms)


Started GET "/users/sign_in" for 127.0.0.1 at 2019-07-29 17:13:16 -0300
Processing by Devise::SessionsController#new as HTML
  Rendering devise/sessions/new.html.erb within layouts/application
  Rendered devise/shared/_links.html.erb (1.3ms)
  Rendered devise/sessions/new.html.erb within layouts/application (5.7ms)
Completed 200 OK in 69ms (Views: 66.6ms | ActiveRecord: 0.0ms)


Started GET "/welcome/index" for 127.0.0.1 at 2019-07-29 17:13:19 -0300
Processing by WelcomeController#index as HTML
  [1m[36mUser Exists (0.4ms)[0m  [1m[34mSELECT  1 AS one FROM `users` WHERE (nome LIKE '%%' OR matricula LIKE '%%' OR licenciatura LIKE '%%' OR periodo LIKE '%%' OR email LIKE '%%') LIMIT 1 OFFSET 0[0m
  ↳ app/controllers/welcome_controller.rb:5
  Rendering welcome/index.html.erb within layouts/application
  Rendered welcome/index.html.erb within layouts/application (4.5ms)
Completed 200 OK in 59ms (Views: 56.0ms | ActiveRecord: 0.4ms)


Started GET "/admin" for 127.0.0.1 at 2019-07-29 17:21:12 -0300
  [1m[35m (0.2ms)[0m  [1m[35mSET NAMES utf8,  @@SESSION.sql_mode = CONCAT(CONCAT(@@sql_mode, ',STRICT_ALL_TABLES'), ',NO_AUTO_VALUE_ON_ZERO'),  @@SESSION.sql_auto_is_null = 0, @@SESSION.wait_timeout = 2147483[0m
  ↳ /home/lucas/.rbenv/versions/2.5.3/lib/ruby/gems/2.5.0/gems/activerecord-5.2.3/lib/active_record/log_subscriber.rb:98
Processing by RailsAdmin::MainController#dashboard as HTML
  [1m[35m (0.4ms)[0m  [1m[34mSELECT COUNT(*) FROM `relatnaoformals`[0m
  ↳ /home/lucas/.rbenv/versions/2.5.3/lib/ruby/gems/2.5.0/gems/activerecord-5.2.3/lib/active_record/log_subscriber.rb:98
  [1m[36mRelatnaoformal Load (0.3ms)[0m  [1m[34mSELECT  `relatnaoformals`.* FROM `relatnaoformals` ORDER BY `relatnaoformals`.`id` DESC LIMIT 1[0m
  ↳ /home/lucas/.rbenv/versions/2.5.3/lib/ruby/gems/2.5.0/gems/activerecord-5.2.3/lib/active_record/log_subscriber.rb:98
  [1m[35m (0.3ms)[0m  [1m[34mSELECT COUNT(*) FROM `relatorios`[0m
  ↳ /home/lucas/.rbenv/versions/2.5.3/lib/ruby/gems/2.5.0/gems/activerecord-5.2.3/lib/active_record/log_subscriber.rb:98
  [1m[36mRelatorio Load (0.3ms)[0m  [1m[34mSELECT  `relatorios`.* FROM `relatorios` ORDER BY `relatorios`.`id` DESC LIMIT 1[0m
  ↳ /home/lucas/.rbenv/versions/2.5.3/lib/ruby/gems/2.5.0/gems/activerecord-5.2.3/lib/active_record/log_subscriber.rb:98
  [1m[35m (0.3ms)[0m  [1m[34mSELECT COUNT(*) FROM `relatoutros`[0m
  ↳ /home/lucas/.rbenv/versions/2.5.3/lib/ruby/gems/2.5.0/gems/activerecord-5.2.3/lib/active_record/log_subscriber.rb:98
  [1m[36mRelatoutro Load (0.8ms)[0m  [1m[34mSELECT  `relatoutros`.* FROM `relatoutros` ORDER BY `relatoutros`.`id` DESC LIMIT 1[0m
  ↳ /home/lucas/.rbenv/versions/2.5.3/lib/ruby/gems/2.5.0/gems/activerecord-5.2.3/lib/active_record/log_subscriber.rb:98
  [1m[35m (1.4ms)[0m  [1m[34mSELECT COUNT(*) FROM `relatparticulars`[0m
  ↳ /home/lucas/.rbenv/versions/2.5.3/lib/ruby/gems/2.5.0/gems/activerecord-5.2.3/lib/active_record/log_subscriber.rb:98
  [1m[36mRelatparticular Load (0.5ms)[0m  [1m[34mSELECT  `relatparticulars`.* FROM `relatparticulars` ORDER BY `relatparticulars`.`id` DESC LIMIT 1[0m
  ↳ /home/lucas/.rbenv/versions/2.5.3/lib/ruby/gems/2.5.0/gems/activerecord-5.2.3/lib/active_record/log_subscriber.rb:98
  [1m[35m (0.4ms)[0m  [1m[34mSELECT COUNT(*) FROM `relatpublicos`[0m
  ↳ /home/lucas/.rbenv/versions/2.5.3/lib/ruby/gems/2.5.0/gems/activerecord-5.2.3/lib/active_record/log_subscriber.rb:98
  [1m[36mRelatpublico Load (0.3ms)[0m  [1m[34mSELECT  `relatpublicos`.* FROM `relatpublicos` ORDER BY `relatpublicos`.`id` DESC LIMIT 1[0m
  ↳ /home/lucas/.rbenv/versions/2.5.3/lib/ruby/gems/2.5.0/gems/activerecord-5.2.3/lib/active_record/log_subscriber.rb:98
  [1m[35m (0.3ms)[0m  [1m[34mSELECT COUNT(*) FROM `users`[0m
  ↳ /home/lucas/.rbenv/versions/2.5.3/lib/ruby/gems/2.5.0/gems/activerecord-5.2.3/lib/active_record/log_subscriber.rb:98
  [1m[36mUser Load (0.3ms)[0m  [1m[34mSELECT  `users`.* FROM `users` ORDER BY `users`.`id` DESC LIMIT 1[0m
  ↳ /home/lucas/.rbenv/versions/2.5.3/lib/ruby/gems/2.5.0/gems/activerecord-5.2.3/lib/active_record/log_subscriber.rb:98
  Rendering /home/lucas/.rbenv/versions/2.5.3/lib/ruby/gems/2.5.0/gems/rails_admin-1.4.2/app/views/rails_admin/main/dashboard.html.haml within layouts/rails_admin/application
  Rendered /home/lucas/.rbenv/versions/2.5.3/lib/ruby/gems/2.5.0/gems/rails_admin-1.4.2/app/views/rails_admin/main/dashboard.html.haml within layouts/rails_admin/application (24.4ms)
  Rendered /home/lucas/.rbenv/versions/2.5.3/lib/ruby/gems/2.5.0/gems/rails_admin-1.4.2/app/views/layouts/rails_admin/_secondary_navigation.html.haml (7.1ms)
  Rendered /home/lucas/.rbenv/versions/2.5.3/lib/ruby/gems/2.5.0/gems/rails_admin-1.4.2/app/views/layouts/rails_admin/_navigation.html.haml (21.6ms)
  Rendered /home/lucas/.rbenv/versions/2.5.3/lib/ruby/gems/2.5.0/gems/rails_admin-1.4.2/app/views/layouts/rails_admin/_sidebar_navigation.html.haml (11.9ms)
  Rendering /home/lucas/.rbenv/versions/2.5.3/lib/ruby/gems/2.5.0/gems/rails_admin-1.4.2/app/views/layouts/rails_admin/pjax.html.haml
  Rendered /home/lucas/.rbenv/versions/2.5.3/lib/ruby/gems/2.5.0/gems/rails_admin-1.4.2/app/views/layouts/rails_admin/pjax.html.haml (10.0ms)
Completed 200 OK in 285ms (Views: 263.4ms | ActiveRecord: 5.6ms)


Started GET "/admin/user?_pjax=%5Bdata-pjax-container%5D" for 127.0.0.1 at 2019-07-29 17:21:16 -0300
Processing by RailsAdmin::MainController#index as HTML
  Parameters: {"_pjax"=>"[data-pjax-container]", "model_name"=>"user"}
  Rendering /home/lucas/.rbenv/versions/2.5.3/lib/ruby/gems/2.5.0/gems/rails_admin-1.4.2/app/views/rails_admin/main/index.html.haml within layouts/rails_admin/pjax
  [1m[36mUser Load (0.5ms)[0m  [1m[34mSELECT  `users`.* FROM `users` ORDER BY users.id desc LIMIT 20 OFFSET 0[0m
  ↳ /home/lucas/.rbenv/versions/2.5.3/lib/ruby/gems/2.5.0/gems/activerecord-5.2.3/lib/active_record/log_subscriber.rb:98
  [1m[35m (0.3ms)[0m  [1m[34mSELECT COUNT(*) FROM `users`[0m
  ↳ config/initializers/will_paginate.rb:6
  Rendered /home/lucas/.rbenv/versions/2.5.3/lib/ruby/gems/2.5.0/gems/rails_admin-1.4.2/app/views/rails_admin/main/index.html.haml within layouts/rails_admin/pjax (172.7ms)
Completed 200 OK in 444ms (Views: 427.3ms | ActiveRecord: 0.8ms)


Started GET "/users/sign_up" for 127.0.0.1 at 2019-07-29 17:22:46 -0300
Processing by Users::RegistrationsController#new as HTML
  Rendering devise/registrations/new.html.erb within layouts/application
  Rendered devise/shared/_links.html.erb (1.1ms)
  Rendered devise/registrations/new.html.erb within layouts/application (8.3ms)
Completed 200 OK in 78ms (Views: 76.4ms | ActiveRecord: 0.0ms)


Started POST "/users" for 127.0.0.1 at 2019-07-29 17:25:04 -0300
Processing by Users::RegistrationsController#create as HTML
  Parameters: {"utf8"=>"✓", "authenticity_token"=>"6sQce7jKcRwlq7cuAA6HM3xJsik9duiAE4C0OquZ5urOq3TiekBUWtxQdiiSrJBprOdkeyiDVjAUjFzmpMTljw==", "user"=>{"nome"=>"Bruno dos Santos Del' Esposti", "matricula"=>"201521460019", "licenciatura"=>"Educação Física", "periodo"=>"8.º", "email"=>"brunodelesposti@hotmail.com", "password"=>"[FILTERED]", "password_confirmation"=>"[FILTERED]"}, "commit"=>"Registrar"}
  [1m[35m (0.2ms)[0m  [1m[35mBEGIN[0m
  ↳ /home/lucas/.rbenv/versions/2.5.3/lib/ruby/gems/2.5.0/gems/activerecord-5.2.3/lib/active_record/log_subscriber.rb:98
  [1m[36mUser Exists (16.7ms)[0m  [1m[34mSELECT  1 AS one FROM `users` WHERE `users`.`email` = BINARY 'brunodelesposti@hotmail.com' LIMIT 1[0m
  ↳ /home/lucas/.rbenv/versions/2.5.3/lib/ruby/gems/2.5.0/gems/activerecord-5.2.3/lib/active_record/log_subscriber.rb:98
  [1m[36mUser Create (1.7ms)[0m  [1m[32mINSERT INTO `users` (`email`, `encrypted_password`, `created_at`, `updated_at`, `nome`, `matricula`, `licenciatura`, `periodo`) VALUES ('brunodelesposti@hotmail.com', '$2a$11$Sy9k3h/xMCl12V495GLJ/eZQsS/xQYJ6J/w5NMtdcQPhAwYeKZqFq', '2019-07-29 20:25:04', '2019-07-29 20:25:04', 'Bruno dos Santos Del\' Esposti', '201521460019', 'Educação Física', '8.º')[0m
  ↳ /home/lucas/.rbenv/versions/2.5.3/lib/ruby/gems/2.5.0/gems/activerecord-5.2.3/lib/active_record/log_subscriber.rb:98
  [1m[35m (28.7ms)[0m  [1m[35mCOMMIT[0m
  ↳ /home/lucas/.rbenv/versions/2.5.3/lib/ruby/gems/2.5.0/gems/activerecord-5.2.3/lib/active_record/log_subscriber.rb:98
  [1m[35m (0.2ms)[0m  [1m[35mBEGIN[0m
  ↳ app/controllers/users/registrations_controller.rb:8
  [1m[36mUser Exists (0.4ms)[0m  [1m[34mSELECT  1 AS one FROM `users` WHERE `users`.`email` = BINARY 'brunodelesposti@hotmail.com' LIMIT 1[0m
  ↳ app/controllers/users/registrations_controller.rb:8
  [1m[35m (0.2ms)[0m  [1m[31mROLLBACK[0m
  ↳ app/controllers/users/registrations_controller.rb:8
Redirected to http://localhost:3000/
Completed 302 Found in 491ms (ActiveRecord: 48.1ms)


Started GET "/" for 127.0.0.1 at 2019-07-29 17:25:05 -0300
Processing by WelcomeController#index as HTML
  [1m[36mUser Exists (0.4ms)[0m  [1m[34mSELECT  1 AS one FROM `users` WHERE (nome LIKE '%%' OR matricula LIKE '%%' OR licenciatura LIKE '%%' OR periodo LIKE '%%' OR email LIKE '%%') LIMIT 1 OFFSET 0[0m
  ↳ app/controllers/welcome_controller.rb:5
  Rendering welcome/index.html.erb within layouts/application
  [1m[36mUser Load (0.4ms)[0m  [1m[34mSELECT  `users`.* FROM `users` WHERE `users`.`id` = 6 ORDER BY `users`.`id` ASC LIMIT 1[0m
  ↳ app/views/welcome/index.html.erb:1
  Rendered welcome/index.html.erb within layouts/application (7.2ms)
Completed 200 OK in 57ms (Views: 53.9ms | ActiveRecord: 0.8ms)


Started GET "/users/sign_out" for 127.0.0.1 at 2019-07-29 17:25:12 -0300
Processing by Devise::SessionsController#destroy as HTML
  [1m[36mUser Load (0.5ms)[0m  [1m[34mSELECT  `users`.* FROM `users` WHERE `users`.`id` = 6 ORDER BY `users`.`id` ASC LIMIT 1[0m
  ↳ /home/lucas/.rbenv/versions/2.5.3/lib/ruby/gems/2.5.0/gems/activerecord-5.2.3/lib/active_record/log_subscriber.rb:98
  [1m[35m (0.2ms)[0m  [1m[35mBEGIN[0m
  ↳ /home/lucas/.rbenv/versions/2.5.3/lib/ruby/gems/2.5.0/gems/activerecord-5.2.3/lib/active_record/log_subscriber.rb:98
  [1m[35m (0.2ms)[0m  [1m[35mCOMMIT[0m
  ↳ /home/lucas/.rbenv/versions/2.5.3/lib/ruby/gems/2.5.0/gems/activerecord-5.2.3/lib/active_record/log_subscriber.rb:98
Redirected to http://localhost:3000/
Completed 302 Found in 6ms (ActiveRecord: 0.8ms)


Started GET "/" for 127.0.0.1 at 2019-07-29 17:25:12 -0300
Processing by WelcomeController#index as HTML
  [1m[36mUser Exists (0.5ms)[0m  [1m[34mSELECT  1 AS one FROM `users` WHERE (nome LIKE '%%' OR matricula LIKE '%%' OR licenciatura LIKE '%%' OR periodo LIKE '%%' OR email LIKE '%%') LIMIT 1 OFFSET 0[0m
  ↳ app/controllers/welcome_controller.rb:5
  Rendering welcome/index.html.erb within layouts/application
  Rendered welcome/index.html.erb within layouts/application (4.3ms)
Completed 200 OK in 62ms (Views: 59.1ms | ActiveRecord: 0.5ms)


Started GET "/users/sign_up" for 127.0.0.1 at 2019-07-29 17:25:15 -0300
Processing by Users::RegistrationsController#new as HTML
  Rendering devise/registrations/new.html.erb within layouts/application
  Rendered devise/shared/_links.html.erb (1.0ms)
  Rendered devise/registrations/new.html.erb within layouts/application (7.6ms)
Completed 200 OK in 75ms (Views: 73.8ms | ActiveRecord: 0.0ms)


Started GET "/welcome/index" for 127.0.0.1 at 2019-07-29 17:25:20 -0300
Processing by WelcomeController#index as HTML
  [1m[36mUser Exists (0.3ms)[0m  [1m[34mSELECT  1 AS one FROM `users` WHERE (nome LIKE '%%' OR matricula LIKE '%%' OR licenciatura LIKE '%%' OR periodo LIKE '%%' OR email LIKE '%%') LIMIT 1 OFFSET 0[0m
  ↳ app/controllers/welcome_controller.rb:5
  Rendering welcome/index.html.erb within layouts/application
  Rendered welcome/index.html.erb within layouts/application (3.8ms)
Completed 200 OK in 59ms (Views: 56.7ms | ActiveRecord: 0.3ms)


Started GET "/users/sign_in" for 127.0.0.1 at 2019-07-29 17:25:21 -0300
Processing by Devise::SessionsController#new as HTML
  Rendering devise/sessions/new.html.erb within layouts/application
  Rendered devise/shared/_links.html.erb (1.5ms)
  Rendered devise/sessions/new.html.erb within layouts/application (8.2ms)
Completed 200 OK in 64ms (Views: 63.2ms | ActiveRecord: 0.0ms)


Started GET "/admin/user" for 127.0.0.1 at 2019-07-29 17:25:24 -0300
Processing by RailsAdmin::MainController#index as HTML
  Parameters: {"model_name"=>"user"}
  Rendering /home/lucas/.rbenv/versions/2.5.3/lib/ruby/gems/2.5.0/gems/rails_admin-1.4.2/app/views/rails_admin/main/index.html.haml within layouts/rails_admin/application
  [1m[36mUser Load (0.5ms)[0m  [1m[34mSELECT  `users`.* FROM `users` ORDER BY users.id desc LIMIT 20 OFFSET 0[0m
  ↳ /home/lucas/.rbenv/versions/2.5.3/lib/ruby/gems/2.5.0/gems/activerecord-5.2.3/lib/active_record/log_subscriber.rb:98
  [1m[35m (0.3ms)[0m  [1m[34mSELECT COUNT(*) FROM `users`[0m
  ↳ config/initializers/will_paginate.rb:6
  Rendered /home/lucas/.rbenv/versions/2.5.3/lib/ruby/gems/2.5.0/gems/rails_admin-1.4.2/app/views/rails_admin/main/index.html.haml within layouts/rails_admin/application (94.7ms)
  Rendered /home/lucas/.rbenv/versions/2.5.3/lib/ruby/gems/2.5.0/gems/rails_admin-1.4.2/app/views/layouts/rails_admin/_secondary_navigation.html.haml (4.3ms)
  Rendered /home/lucas/.rbenv/versions/2.5.3/lib/ruby/gems/2.5.0/gems/rails_admin-1.4.2/app/views/layouts/rails_admin/_navigation.html.haml (11.7ms)
  Rendered /home/lucas/.rbenv/versions/2.5.3/lib/ruby/gems/2.5.0/gems/rails_admin-1.4.2/app/views/layouts/rails_admin/_sidebar_navigation.html.haml (6.2ms)
  Rendering /home/lucas/.rbenv/versions/2.5.3/lib/ruby/gems/2.5.0/gems/rails_admin-1.4.2/app/views/layouts/rails_admin/pjax.html.haml
  Rendered /home/lucas/.rbenv/versions/2.5.3/lib/ruby/gems/2.5.0/gems/rails_admin-1.4.2/app/views/layouts/rails_admin/pjax.html.haml (8.2ms)
Completed 200 OK in 349ms (Views: 335.9ms | ActiveRecord: 0.8ms)


Started GET "/admin/user/6/edit?_pjax=%5Bdata-pjax-container%5D" for 127.0.0.1 at 2019-07-29 17:25:27 -0300
Processing by RailsAdmin::MainController#edit as HTML
  Parameters: {"_pjax"=>"[data-pjax-container]", "model_name"=>"user", "id"=>"6"}
  [1m[36mUser Load (0.7ms)[0m  [1m[34mSELECT  `users`.* FROM `users` WHERE `users`.`id` = 6 ORDER BY `users`.`id` ASC LIMIT 1[0m
  ↳ /home/lucas/.rbenv/versions/2.5.3/lib/ruby/gems/2.5.0/gems/activerecord-5.2.3/lib/active_record/log_subscriber.rb:98
  Rendering /home/lucas/.rbenv/versions/2.5.3/lib/ruby/gems/2.5.0/gems/rails_admin-1.4.2/app/views/rails_admin/main/edit.html.haml within layouts/rails_admin/pjax
  Rendered /home/lucas/.rbenv/versions/2.5.3/lib/ruby/gems/2.5.0/gems/rails_admin-1.4.2/app/views/rails_admin/main/_form_field.html.haml (1.9ms)
  Rendered /home/lucas/.rbenv/versions/2.5.3/lib/ruby/gems/2.5.0/gems/rails_admin-1.4.2/app/views/rails_admin/main/_form_field.html.haml (0.3ms)
  Rendered /home/lucas/.rbenv/versions/2.5.3/lib/ruby/gems/2.5.0/gems/rails_admin-1.4.2/app/views/rails_admin/main/_form_field.html.haml (0.2ms)
  Rendered /home/lucas/.rbenv/versions/2.5.3/lib/ruby/gems/2.5.0/gems/rails_admin-1.4.2/app/views/rails_admin/main/_form_datetime.html.haml (3.2ms)
  Rendered /home/lucas/.rbenv/versions/2.5.3/lib/ruby/gems/2.5.0/gems/rails_admin-1.4.2/app/views/rails_admin/main/_form_datetime.html.haml (0.6ms)
  Rendered /home/lucas/.rbenv/versions/2.5.3/lib/ruby/gems/2.5.0/gems/rails_admin-1.4.2/app/views/rails_admin/main/_form_field.html.haml (0.4ms)
  Rendered /home/lucas/.rbenv/versions/2.5.3/lib/ruby/gems/2.5.0/gems/rails_admin-1.4.2/app/views/rails_admin/main/_form_field.html.haml (0.3ms)
  Rendered /home/lucas/.rbenv/versions/2.5.3/lib/ruby/gems/2.5.0/gems/rails_admin-1.4.2/app/views/rails_admin/main/_form_field.html.haml (0.2ms)
  Rendered /home/lucas/.rbenv/versions/2.5.3/lib/ruby/gems/2.5.0/gems/rails_admin-1.4.2/app/views/rails_admin/main/_form_field.html.haml (0.3ms)
  Rendered /home/lucas/.rbenv/versions/2.5.3/lib/ruby/gems/2.5.0/gems/rails_admin-1.4.2/app/views/rails_admin/main/_form_enumeration.html.haml (2.7ms)
  Rendered /home/lucas/.rbenv/versions/2.5.3/lib/ruby/gems/2.5.0/gems/rails_admin-1.4.2/app/views/rails_admin/main/_form_enumeration.html.haml (0.4ms)
  Rendered /home/lucas/.rbenv/versions/2.5.3/lib/ruby/gems/2.5.0/gems/rails_admin-1.4.2/app/views/rails_admin/main/_form_field.html.haml (0.3ms)
  Rendered /home/lucas/.rbenv/versions/2.5.3/lib/ruby/gems/2.5.0/gems/rails_admin-1.4.2/app/views/rails_admin/main/_form_field.html.haml (0.2ms)
  Rendered /home/lucas/.rbenv/versions/2.5.3/lib/ruby/gems/2.5.0/gems/rails_admin-1.4.2/app/views/rails_admin/main/_form_field.html.haml (0.3ms)
  Rendered /home/lucas/.rbenv/versions/2.5.3/lib/ruby/gems/2.5.0/gems/rails_admin-1.4.2/app/views/rails_admin/main/_form_field.html.haml (0.6ms)
  Rendered /home/lucas/.rbenv/versions/2.5.3/lib/ruby/gems/2.5.0/gems/rails_admin-1.4.2/app/views/rails_admin/main/_form_field.html.haml (0.3ms)
  Rendered /home/lucas/.rbenv/versions/2.5.3/lib/ruby/gems/2.5.0/gems/rails_admin-1.4.2/app/views/rails_admin/main/_form_field.html.haml (0.4ms)
  Rendered /home/lucas/.rbenv/versions/2.5.3/lib/ruby/gems/2.5.0/gems/rails_admin-1.4.2/app/views/rails_admin/main/_submit_buttons.html.haml (9.6ms)
  Rendered /home/lucas/.rbenv/versions/2.5.3/lib/ruby/gems/2.5.0/gems/rails_admin-1.4.2/app/views/rails_admin/main/edit.html.haml within layouts/rails_admin/pjax (100.8ms)
Completed 200 OK in 150ms (Views: 134.4ms | ActiveRecord: 0.7ms)


Started PUT "/admin/user/6/edit" for 127.0.0.1 at 2019-07-29 17:25:32 -0300
Processing by RailsAdmin::MainController#edit as HTML
  Parameters: {"utf8"=>"✓", "authenticity_token"=>"ngEcDutusAC+HYgZvQtXn9G6d7kHjSlrfjOonfJxvUoq0wI396JL5rYqubjWsKH1+REai4HvqCDy52MBu/Ibrg==", "user"=>{"email"=>"brunodelesposti@hotmail.com", "password"=>"[FILTERED]", "password_confirmation"=>"[FILTERED]", "reset_password_sent_at"=>"[FILTERED]", "remember_created_at"=>"", "nome"=>"Bruno dos Santos Del' Esposti", "matricula"=>"201521460019", "licenciatura"=>"Educação Física", "periodo"=>"8.º", "role"=>"0", "situacao"=>"1", "pdf_centro"=>"0", "pdf_guarus"=>"0", "pdf_publico"=>"0", "pdf_particular"=>"0", "pdf_naoformal"=>"0", "status_impressao"=>"0"}, "return_to"=>"http://localhost:3000/admin/user", "_save"=>"", "model_name"=>"user", "id"=>"6"}
  [1m[36mUser Load (0.7ms)[0m  [1m[34mSELECT  `users`.* FROM `users` WHERE `users`.`id` = 6 ORDER BY `users`.`id` ASC LIMIT 1[0m
  ↳ /home/lucas/.rbenv/versions/2.5.3/lib/ruby/gems/2.5.0/gems/activerecord-5.2.3/lib/active_record/log_subscriber.rb:98
  [1m[35m (0.2ms)[0m  [1m[35mBEGIN[0m
  ↳ /home/lucas/.rbenv/versions/2.5.3/lib/ruby/gems/2.5.0/gems/activerecord-5.2.3/lib/active_record/log_subscriber.rb:98
  [1m[36mUser Update (25.0ms)[0m  [1m[33mUPDATE `users` SET `situacao` = 1, `updated_at` = '2019-07-29 20:25:32' WHERE `users`.`id` = 6[0m
  ↳ /home/lucas/.rbenv/versions/2.5.3/lib/ruby/gems/2.5.0/gems/activerecord-5.2.3/lib/active_record/log_subscriber.rb:98
  [1m[35m (59.9ms)[0m  [1m[35mCOMMIT[0m
  ↳ /home/lucas/.rbenv/versions/2.5.3/lib/ruby/gems/2.5.0/gems/activerecord-5.2.3/lib/active_record/log_subscriber.rb:98
Redirected to http://localhost:3000/admin/user
Completed 302 Found in 105ms (ActiveRecord: 85.8ms)


Started GET "/admin/user" for 127.0.0.1 at 2019-07-29 17:25:32 -0300
Processing by RailsAdmin::MainController#index as HTML
  Parameters: {"model_name"=>"user"}
  Rendering /home/lucas/.rbenv/versions/2.5.3/lib/ruby/gems/2.5.0/gems/rails_admin-1.4.2/app/views/rails_admin/main/index.html.haml within layouts/rails_admin/application
  [1m[36mUser Load (0.6ms)[0m  [1m[34mSELECT  `users`.* FROM `users` ORDER BY users.id desc LIMIT 20 OFFSET 0[0m
  ↳ /home/lucas/.rbenv/versions/2.5.3/lib/ruby/gems/2.5.0/gems/activerecord-5.2.3/lib/active_record/log_subscriber.rb:98
  [1m[35m (0.3ms)[0m  [1m[34mSELECT COUNT(*) FROM `users`[0m
  ↳ config/initializers/will_paginate.rb:6
  Rendered /home/lucas/.rbenv/versions/2.5.3/lib/ruby/gems/2.5.0/gems/rails_admin-1.4.2/app/views/rails_admin/main/index.html.haml within layouts/rails_admin/application (83.6ms)
  Rendered /home/lucas/.rbenv/versions/2.5.3/lib/ruby/gems/2.5.0/gems/rails_admin-1.4.2/app/views/layouts/rails_admin/_secondary_navigation.html.haml (4.1ms)
  Rendered /home/lucas/.rbenv/versions/2.5.3/lib/ruby/gems/2.5.0/gems/rails_admin-1.4.2/app/views/layouts/rails_admin/_navigation.html.haml (13.1ms)
  Rendered /home/lucas/.rbenv/versions/2.5.3/lib/ruby/gems/2.5.0/gems/rails_admin-1.4.2/app/views/layouts/rails_admin/_sidebar_navigation.html.haml (7.2ms)
  Rendering /home/lucas/.rbenv/versions/2.5.3/lib/ruby/gems/2.5.0/gems/rails_admin-1.4.2/app/views/layouts/rails_admin/pjax.html.haml
  Rendered /home/lucas/.rbenv/versions/2.5.3/lib/ruby/gems/2.5.0/gems/rails_admin-1.4.2/app/views/layouts/rails_admin/pjax.html.haml (8.1ms)
Completed 200 OK in 263ms (Views: 252.5ms | ActiveRecord: 0.9ms)


Started POST "/users/sign_in" for 127.0.0.1 at 2019-07-29 17:25:53 -0300
Processing by Devise::SessionsController#create as HTML
  Parameters: {"utf8"=>"✓", "authenticity_token"=>"R8phUHsGcbF4Hhr1/Dlqmq9ClMMtj9i3FVUvRQrufIQG7IPPBRfn7Uz6HYAhamGc472IkGm9fytcZxx9miLIXQ==", "user"=>{"email"=>"brunodelesposti@hotmail.com", "password"=>"[FILTERED]", "remember_me"=>"0"}, "commit"=>"Entrar"}
  [1m[36mUser Load (0.7ms)[0m  [1m[34mSELECT  `users`.* FROM `users` WHERE `users`.`email` = 'brunodelesposti@hotmail.com' ORDER BY `users`.`id` ASC LIMIT 1[0m
  ↳ /home/lucas/.rbenv/versions/2.5.3/lib/ruby/gems/2.5.0/gems/activerecord-5.2.3/lib/active_record/log_subscriber.rb:98
Redirected to http://localhost:3000/
Completed 302 Found in 213ms (ActiveRecord: 0.7ms)


Started GET "/" for 127.0.0.1 at 2019-07-29 17:25:53 -0300
Processing by WelcomeController#index as HTML
  [1m[36mUser Exists (0.3ms)[0m  [1m[34mSELECT  1 AS one FROM `users` WHERE (nome LIKE '%%' OR matricula LIKE '%%' OR licenciatura LIKE '%%' OR periodo LIKE '%%' OR email LIKE '%%') LIMIT 1 OFFSET 0[0m
  ↳ app/controllers/welcome_controller.rb:5
  Rendering welcome/index.html.erb within layouts/application
  [1m[36mUser Load (0.4ms)[0m  [1m[34mSELECT  `users`.* FROM `users` WHERE `users`.`id` = 6 ORDER BY `users`.`id` ASC LIMIT 1[0m
  ↳ app/views/welcome/index.html.erb:1
  Rendered welcome/index.html.erb within layouts/application (15.2ms)
Completed 200 OK in 64ms (Views: 61.3ms | ActiveRecord: 0.7ms)


Started GET "/relatorio_guarus/index" for 127.0.0.1 at 2019-07-29 17:26:39 -0300
Processing by RelatorioGuarusController#index as HTML
  [1m[36mUser Load (0.4ms)[0m  [1m[34mSELECT  `users`.* FROM `users` WHERE `users`.`id` = 6 ORDER BY `users`.`id` ASC LIMIT 1[0m
  ↳ app/controllers/relatorio_guarus_controller.rb:5
  Rendering relatorio_guarus/index.html.erb within layouts/application
  Rendered relatorio_guarus/index.html.erb within layouts/application (6.9ms)
Completed 200 OK in 90ms (Views: 51.8ms | ActiveRecord: 0.4ms)


Started POST "/relatorio_guarus/create" for 127.0.0.1 at 2019-07-29 17:33:44 -0300
  [1m[35m (0.4ms)[0m  [1m[35mSET NAMES utf8,  @@SESSION.sql_mode = CONCAT(CONCAT(@@sql_mode, ',STRICT_ALL_TABLES'), ',NO_AUTO_VALUE_ON_ZERO'),  @@SESSION.sql_auto_is_null = 0, @@SESSION.wait_timeout = 2147483[0m
  ↳ /home/lucas/.rbenv/versions/2.5.3/lib/ruby/gems/2.5.0/gems/activerecord-5.2.3/lib/active_record/log_subscriber.rb:98
Processing by RelatorioGuarusController#create as HTML
  Parameters: {"utf8"=>"✓", "authenticity_token"=>"QcWv1d/t8IbEWSHz535yHks/mcmullVbx9mQeNKWc988uWEJt21kJEgX2m5raikYbheVqx1s9/RRXNlNgE+hTg==", "representado_por"=>"XXXXXXXXXXXXXXXX", "semestre"=>"1", "ano"=>"19", "endereco"=>"xxxxxxxx", "bairro"=>"xxxxx", "municipio"=>"xxxxxx", "estado"=>"xxxxx", "CEP"=>"xxxxx", "periodo_de"=>"24/05/2019", "periodo_a"=>"06/07/2019", "commit"=>"Salvar"}
Unpermitted parameters: :utf8, :authenticity_token, :commit
  [1m[36mUser Load (0.6ms)[0m  [1m[34mSELECT  `users`.* FROM `users` WHERE `users`.`id` = 6 ORDER BY `users`.`id` ASC LIMIT 1[0m
  ↳ app/controllers/relatorio_guarus_controller.rb:36
  [1m[35m (0.3ms)[0m  [1m[35mBEGIN[0m
  ↳ app/controllers/relatorio_guarus_controller.rb:36
  [1m[36mUser Update (0.5ms)[0m  [1m[33mUPDATE `users` SET `pdf_guarus` = 'Preenchido', `updated_at` = '2019-07-29 20:33:44' WHERE `users`.`id` = 6[0m
  ↳ app/controllers/relatorio_guarus_controller.rb:36
  [1m[35m (73.6ms)[0m  [1m[35mCOMMIT[0m
  ↳ app/controllers/relatorio_guarus_controller.rb:36
  Rendering contact_mailer/contact_message.html.erb
  Rendered contact_mailer/contact_message.html.erb (1.4ms)
ContactMailer#contact_message: processed outbound mail in 1246.5ms
Sent mail to napp_dirlic.centro@iff.edu.br (6549.1ms)
Date: Mon, 29 Jul 2019 17:33:46 -0300
From: napp_dirlic.centro@iff.edu.br
To: napp_dirlic.centro@iff.edu.br
Message-ID: <5d3f582afaae_add2b10d447bd04948a4@lucas-Inspiron-5458.mail>
Subject: Mensagem de Contato
Mime-Version: 1.0
Content-Type: text/html;
 charset=UTF-8
Content-Transfer-Encoding: quoted-printable

<!DOCTYPE html>=0D
<html>=0D
  <head>=0D
    <meta content=3D'text/html; charset=3DUTF-8' http-equiv=3D'Content-Ty=
pe' />=0D
  </head>=0D
=0D
  <body>=0D
    <h1>Mensagem de contato</h1>=0D
    <h2>Data de envio: 29/07/2019 17:33</h2>=0D
=0D
    <p><strong>Usu=C3=A1rio(a): </strong>Bruno dos Santos Del&#39; Espost=
i</p>=0D
=0D
    <p><strong>Email: </strong>brunodelesposti@hotmail.com</p>=0D
=0D
    <p><strong>Matr=C3=ADcula: </strong>201521460019</p>=0D
=0D
    <p><strong>Curso: </strong>Educa=C3=A7=C3=A3o F=C3=ADsica</p>=0D
=0D
    <p><strong>Mensagem:</strong></p>=0D
    <p>O usu=C3=A1rio teve acesso =C3=A0 impress=C3=A3o do PDF.</p>=0D
=0D
=0D
      <p><b>O relat=C3=B3rio referente ao est=C3=A1gio do IFF Guarus foi =
preenchido!</b></p>=0D
=0D
=0D
  </body>=0D
</html>=0D

  [1m[35m (0.4ms)[0m  [1m[35mBEGIN[0m
  ↳ app/controllers/relatorio_guarus_controller.rb:50
  [1m[36mRelatorio Create (0.9ms)[0m  [1m[32mINSERT INTO `relatorios` (`representado_por`, `semestre`, `ano`, `endereco`, `bairro`, `municipio`, `estado`, `CEP`, `periodo_de`, `periodo_a`, `nome`, `matricula_aluno`, `periodo`, `licenciatura`, `created_at`, `updated_at`) VALUES ('XXXXXXXXXXXXXXXX', '1', '2019', 'xxxxxxxx', 'xxxxx', 'xxxxxx', 'xxxxx', 'xxxxx', '24/05/2019', '06/07/2019', 'Bruno dos Santos Del\' Esposti', '201521460019', '8.º', 'Educação Física', '2019-07-29 20:33:52', '2019-07-29 20:33:52')[0m
  ↳ app/controllers/relatorio_guarus_controller.rb:50
  [1m[35m (64.3ms)[0m  [1m[35mCOMMIT[0m
  ↳ app/controllers/relatorio_guarus_controller.rb:50
Redirected to http://localhost:3000/welcome/index
Completed 302 Found in 7953ms (ActiveRecord: 140.6ms)


Started GET "/welcome/index" for 127.0.0.1 at 2019-07-29 17:33:52 -0300
Processing by WelcomeController#index as HTML
  [1m[36mUser Exists (0.3ms)[0m  [1m[34mSELECT  1 AS one FROM `users` WHERE (nome LIKE '%%' OR matricula LIKE '%%' OR licenciatura LIKE '%%' OR periodo LIKE '%%' OR email LIKE '%%') LIMIT 1 OFFSET 0[0m
  ↳ app/controllers/welcome_controller.rb:5
  Rendering welcome/index.html.erb within layouts/application
  [1m[36mUser Load (0.4ms)[0m  [1m[34mSELECT  `users`.* FROM `users` WHERE `users`.`id` = 6 ORDER BY `users`.`id` ASC LIMIT 1[0m
  ↳ app/views/welcome/index.html.erb:1
  Rendered welcome/index.html.erb within layouts/application (5.3ms)
Completed 200 OK in 51ms (Views: 46.4ms | ActiveRecord: 0.8ms)


Started GET "/relatorio_guarus/index.pdf" for 127.0.0.1 at 2019-07-29 17:34:13 -0300
Processing by RelatorioGuarusController#index as PDF
  [1m[36mUser Load (0.4ms)[0m  [1m[34mSELECT  `users`.* FROM `users` WHERE `users`.`id` = 6 ORDER BY `users`.`id` ASC LIMIT 1[0m
  ↳ app/controllers/relatorio_guarus_controller.rb:5
  [1m[35m (0.1ms)[0m  [1m[35mBEGIN[0m
  ↳ app/controllers/relatorio_guarus_controller.rb:18
  [1m[36mUser Update (0.3ms)[0m  [1m[33mUPDATE `users` SET `status_impressao` = '1', `updated_at` = '2019-07-29 20:34:13' WHERE `users`.`id` = 6[0m
  ↳ app/controllers/relatorio_guarus_controller.rb:18
  [1m[35m (56.5ms)[0m  [1m[35mCOMMIT[0m
  ↳ app/controllers/relatorio_guarus_controller.rb:18
  [1m[36mRelatorio Load (0.4ms)[0m  [1m[34mSELECT `relatorios`.* FROM `relatorios`[0m
  ↳ app/pdfs/guarus_pdf.rb:17
  Rendering text template
  Rendered text template (0.0ms)
Sent data relatorio.pdf (33.0ms)
  Rendering contact_mailer/confirmacao_impressao.html.erb
  Rendered contact_mailer/confirmacao_impressao.html.erb (0.6ms)
ContactMailer#confirmacao_impressao: processed outbound mail in 20.4ms
Sent mail to napp_dirlic.centro@iff.edu.br (3226.6ms)
Date: Mon, 29 Jul 2019 17:34:15 -0300
From: napp_dirlic.centro@iff.edu.br
To: napp_dirlic.centro@iff.edu.br
Message-ID: <5d3f58471c7ab_add2b10d447bd90949c@lucas-Inspiron-5458.mail>
Subject: =?UTF-8?Q?Impress=C3=A3o_de_Formul=C3=A1rio?=
Mime-Version: 1.0
Content-Type: text/html;
 charset=UTF-8
Content-Transfer-Encoding: quoted-printable

<!DOCTYPE html>=0D
<html>=0D
  <head>=0D
    <meta content=3D'text/html; charset=3DUTF-8' http-equiv=3D'Content-Ty=
pe' />=0D
  </head>=0D
=0D
  <body>=0D
    <h1>Impress=C3=A3o do Documento</h1>=0D
    <h2>Data de envio: 29/07/2019 17:34</h2>=0D
=0D
    <p><strong>Usu=C3=A1rio(a): </strong>Bruno dos Santos Del&#39; Espost=
i</p>=0D
=0D
    <p><strong>Email: </strong>brunodelesposti@hotmail.com</p>=0D
=0D
    <p><strong>Matr=C3=ADcula: </strong>201521460019</p>=0D
=0D
    <p><strong>Curso: </strong>Educa=C3=A7=C3=A3o F=C3=ADsica</p>=0D
=0D
    <p><strong>Mensagem:</strong></p>=0D
    <p>O(a) usu=C3=A1rio(a) <strong>Bruno dos Santos Del&#39; Esposti</st=
rong> realizou a impress=C3=A3o do formul=C3=A1rio.</p>=0D
=0D
  </body>=0D
</html>=0D

Completed 200 OK in 4352ms (Views: 32.8ms | ActiveRecord: 57.7ms)


Started GET "/relatorio_guarus/index.pdf" for 127.0.0.1 at 2019-07-29 17:38:35 -0300
Processing by RelatorioGuarusController#index as PDF
  [1m[36mUser Load (0.3ms)[0m  [1m[34mSELECT  `users`.* FROM `users` WHERE `users`.`id` = 6 ORDER BY `users`.`id` ASC LIMIT 1[0m
  ↳ app/controllers/relatorio_guarus_controller.rb:5
  [1m[35m (0.2ms)[0m  [1m[35mBEGIN[0m
  ↳ app/controllers/relatorio_guarus_controller.rb:18
  [1m[35m (0.2ms)[0m  [1m[35mCOMMIT[0m
  ↳ app/controllers/relatorio_guarus_controller.rb:18
  [1m[36mRelatorio Load (0.3ms)[0m  [1m[34mSELECT `relatorios`.* FROM `relatorios`[0m
  ↳ app/pdfs/guarus_pdf.rb:17
  Rendering text template
  Rendered text template (0.0ms)
Sent data relatorio.pdf (0.9ms)
  Rendering contact_mailer/confirmacao_impressao.html.erb
  Rendered contact_mailer/confirmacao_impressao.html.erb (0.6ms)
ContactMailer#confirmacao_impressao: processed outbound mail in 13.7ms
Sent mail to napp_dirlic.centro@iff.edu.br (748.6ms)
Date: Mon, 29 Jul 2019 17:38:36 -0300
From: napp_dirlic.centro@iff.edu.br
To: napp_dirlic.centro@iff.edu.br
Message-ID: <5d3f594cbf87f_add2b10d447bd0495049@lucas-Inspiron-5458.mail>
Subject: =?UTF-8?Q?Impress=C3=A3o_de_Formul=C3=A1rio?=
Mime-Version: 1.0
Content-Type: text/html;
 charset=UTF-8
Content-Transfer-Encoding: quoted-printable

<!DOCTYPE html>=0D
<html>=0D
  <head>=0D
    <meta content=3D'text/html; charset=3DUTF-8' http-equiv=3D'Content-Ty=
pe' />=0D
  </head>=0D
=0D
  <body>=0D
    <h1>Impress=C3=A3o do Documento</h1>=0D
    <h2>Data de envio: 29/07/2019 17:38</h2>=0D
=0D
    <p><strong>Usu=C3=A1rio(a): </strong>Bruno dos Santos Del&#39; Espost=
i</p>=0D
=0D
    <p><strong>Email: </strong>brunodelesposti@hotmail.com</p>=0D
=0D
    <p><strong>Matr=C3=ADcula: </strong>201521460019</p>=0D
=0D
    <p><strong>Curso: </strong>Educa=C3=A7=C3=A3o F=C3=ADsica</p>=0D
=0D
    <p><strong>Mensagem:</strong></p>=0D
    <p>O(a) usu=C3=A1rio(a) <strong>Bruno dos Santos Del&#39; Esposti</st=
rong> realizou a impress=C3=A3o do formul=C3=A1rio.</p>=0D
=0D
  </body>=0D
</html>=0D

Completed 200 OK in 1500ms (Views: 0.7ms | ActiveRecord: 3.3ms)


Started GET "/relatorio_guarus/index.pdf" for 127.0.0.1 at 2019-07-29 17:40:49 -0300
Processing by RelatorioGuarusController#index as PDF
  [1m[36mUser Load (0.4ms)[0m  [1m[34mSELECT  `users`.* FROM `users` WHERE `users`.`id` = 6 ORDER BY `users`.`id` ASC LIMIT 1[0m
  ↳ app/controllers/relatorio_guarus_controller.rb:5
  [1m[35m (0.2ms)[0m  [1m[35mBEGIN[0m
  ↳ app/controllers/relatorio_guarus_controller.rb:18
  [1m[35m (0.2ms)[0m  [1m[35mCOMMIT[0m
  ↳ app/controllers/relatorio_guarus_controller.rb:18
  [1m[36mRelatorio Load (0.4ms)[0m  [1m[34mSELECT `relatorios`.* FROM `relatorios`[0m
  ↳ app/pdfs/guarus_pdf.rb:17
  Rendering text template
  Rendered text template (0.0ms)
Sent data relatorio.pdf (0.9ms)
  Rendering contact_mailer/confirmacao_impressao.html.erb
  Rendered contact_mailer/confirmacao_impressao.html.erb (0.7ms)
ContactMailer#confirmacao_impressao: processed outbound mail in 14.7ms
Sent mail to napp_dirlic.centro@iff.edu.br (313.4ms)
Date: Mon, 29 Jul 2019 17:40:50 -0300
From: napp_dirlic.centro@iff.edu.br
To: napp_dirlic.centro@iff.edu.br
Message-ID: <5d3f59d23fa6f_add2b10d447bd9095112@lucas-Inspiron-5458.mail>
Subject: =?UTF-8?Q?Impress=C3=A3o_de_Formul=C3=A1rio?=
Mime-Version: 1.0
Content-Type: text/html;
 charset=UTF-8
Content-Transfer-Encoding: quoted-printable

<!DOCTYPE html>=0D
<html>=0D
  <head>=0D
    <meta content=3D'text/html; charset=3DUTF-8' http-equiv=3D'Content-Ty=
pe' />=0D
  </head>=0D
=0D
  <body>=0D
    <h1>Impress=C3=A3o do Documento</h1>=0D
    <h2>Data de envio: 29/07/2019 17:40</h2>=0D
=0D
    <p><strong>Usu=C3=A1rio(a): </strong>Bruno dos Santos Del&#39; Espost=
i</p>=0D
=0D
    <p><strong>Email: </strong>brunodelesposti@hotmail.com</p>=0D
=0D
    <p><strong>Matr=C3=ADcula: </strong>201521460019</p>=0D
=0D
    <p><strong>Curso: </strong>Educa=C3=A7=C3=A3o F=C3=ADsica</p>=0D
=0D
    <p><strong>Mensagem:</strong></p>=0D
    <p>O(a) usu=C3=A1rio(a) <strong>Bruno dos Santos Del&#39; Esposti</st=
rong> realizou a impress=C3=A3o do formul=C3=A1rio.</p>=0D
=0D
  </body>=0D
</html>=0D

Completed 200 OK in 1089ms (Views: 0.7ms | ActiveRecord: 4.2ms)


Started GET "/welcome/index" for 127.0.0.1 at 2019-07-29 17:44:14 -0300
Processing by WelcomeController#index as HTML
  [1m[36mUser Exists (0.3ms)[0m  [1m[34mSELECT  1 AS one FROM `users` WHERE (nome LIKE '%%' OR matricula LIKE '%%' OR licenciatura LIKE '%%' OR periodo LIKE '%%' OR email LIKE '%%') LIMIT 1 OFFSET 0[0m
  ↳ app/controllers/welcome_controller.rb:5
  Rendering welcome/index.html.erb within layouts/application
  [1m[36mUser Load (0.4ms)[0m  [1m[34mSELECT  `users`.* FROM `users` WHERE `users`.`id` = 6 ORDER BY `users`.`id` ASC LIMIT 1[0m
  ↳ app/views/welcome/index.html.erb:1
  Rendered welcome/index.html.erb within layouts/application (7.3ms)
Completed 200 OK in 61ms (Views: 58.2ms | ActiveRecord: 0.7ms)


Started GET "/admin/user/6/edit?_pjax=%5Bdata-pjax-container%5D" for 127.0.0.1 at 2019-07-29 17:44:56 -0300
Processing by RailsAdmin::MainController#edit as HTML
  Parameters: {"_pjax"=>"[data-pjax-container]", "model_name"=>"user", "id"=>"6"}
  [1m[36mUser Load (0.4ms)[0m  [1m[34mSELECT  `users`.* FROM `users` WHERE `users`.`id` = 6 ORDER BY `users`.`id` ASC LIMIT 1[0m
  ↳ /home/lucas/.rbenv/versions/2.5.3/lib/ruby/gems/2.5.0/gems/activerecord-5.2.3/lib/active_record/log_subscriber.rb:98
  Rendering /home/lucas/.rbenv/versions/2.5.3/lib/ruby/gems/2.5.0/gems/rails_admin-1.4.2/app/views/rails_admin/main/edit.html.haml within layouts/rails_admin/pjax
  Rendered /home/lucas/.rbenv/versions/2.5.3/lib/ruby/gems/2.5.0/gems/rails_admin-1.4.2/app/views/rails_admin/main/_form_field.html.haml (2.0ms)
  Rendered /home/lucas/.rbenv/versions/2.5.3/lib/ruby/gems/2.5.0/gems/rails_admin-1.4.2/app/views/rails_admin/main/_form_field.html.haml (0.3ms)
  Rendered /home/lucas/.rbenv/versions/2.5.3/lib/ruby/gems/2.5.0/gems/rails_admin-1.4.2/app/views/rails_admin/main/_form_field.html.haml (0.2ms)
  Rendered /home/lucas/.rbenv/versions/2.5.3/lib/ruby/gems/2.5.0/gems/rails_admin-1.4.2/app/views/rails_admin/main/_form_datetime.html.haml (4.3ms)
  Rendered /home/lucas/.rbenv/versions/2.5.3/lib/ruby/gems/2.5.0/gems/rails_admin-1.4.2/app/views/rails_admin/main/_form_datetime.html.haml (0.5ms)
  Rendered /home/lucas/.rbenv/versions/2.5.3/lib/ruby/gems/2.5.0/gems/rails_admin-1.4.2/app/views/rails_admin/main/_form_field.html.haml (0.3ms)
  Rendered /home/lucas/.rbenv/versions/2.5.3/lib/ruby/gems/2.5.0/gems/rails_admin-1.4.2/app/views/rails_admin/main/_form_field.html.haml (0.2ms)
  Rendered /home/lucas/.rbenv/versions/2.5.3/lib/ruby/gems/2.5.0/gems/rails_admin-1.4.2/app/views/rails_admin/main/_form_field.html.haml (0.2ms)
  Rendered /home/lucas/.rbenv/versions/2.5.3/lib/ruby/gems/2.5.0/gems/rails_admin-1.4.2/app/views/rails_admin/main/_form_field.html.haml (0.2ms)
  Rendered /home/lucas/.rbenv/versions/2.5.3/lib/ruby/gems/2.5.0/gems/rails_admin-1.4.2/app/views/rails_admin/main/_form_enumeration.html.haml (3.2ms)
  Rendered /home/lucas/.rbenv/versions/2.5.3/lib/ruby/gems/2.5.0/gems/rails_admin-1.4.2/app/views/rails_admin/main/_form_enumeration.html.haml (0.5ms)
  Rendered /home/lucas/.rbenv/versions/2.5.3/lib/ruby/gems/2.5.0/gems/rails_admin-1.4.2/app/views/rails_admin/main/_form_field.html.haml (0.3ms)
  Rendered /home/lucas/.rbenv/versions/2.5.3/lib/ruby/gems/2.5.0/gems/rails_admin-1.4.2/app/views/rails_admin/main/_form_field.html.haml (0.2ms)
  Rendered /home/lucas/.rbenv/versions/2.5.3/lib/ruby/gems/2.5.0/gems/rails_admin-1.4.2/app/views/rails_admin/main/_form_field.html.haml (0.2ms)
  Rendered /home/lucas/.rbenv/versions/2.5.3/lib/ruby/gems/2.5.0/gems/rails_admin-1.4.2/app/views/rails_admin/main/_form_field.html.haml (0.2ms)
  Rendered /home/lucas/.rbenv/versions/2.5.3/lib/ruby/gems/2.5.0/gems/rails_admin-1.4.2/app/views/rails_admin/main/_form_field.html.haml (0.2ms)
  Rendered /home/lucas/.rbenv/versions/2.5.3/lib/ruby/gems/2.5.0/gems/rails_admin-1.4.2/app/views/rails_admin/main/_form_field.html.haml (0.2ms)
  Rendered /home/lucas/.rbenv/versions/2.5.3/lib/ruby/gems/2.5.0/gems/rails_admin-1.4.2/app/views/rails_admin/main/_submit_buttons.html.haml (11.5ms)
  Rendered /home/lucas/.rbenv/versions/2.5.3/lib/ruby/gems/2.5.0/gems/rails_admin-1.4.2/app/views/rails_admin/main/edit.html.haml within layouts/rails_admin/pjax (76.5ms)
Completed 200 OK in 100ms (Views: 90.1ms | ActiveRecord: 0.4ms)


Started PUT "/admin/user/6/edit" for 127.0.0.1 at 2019-07-29 17:44:59 -0300
Processing by RailsAdmin::MainController#edit as HTML
  Parameters: {"utf8"=>"✓", "authenticity_token"=>"QuqfvN4ustBrVGP1PVeuxJEifAaIJ9m5eYpw+vgvnrRnFKjve6tRxVjNGGDXlC6fTo+Yd401mYhIRUHkryTsug==", "user"=>{"email"=>"brunodelesposti@hotmail.com", "password"=>"[FILTERED]", "password_confirmation"=>"[FILTERED]", "reset_password_sent_at"=>"[FILTERED]", "remember_created_at"=>"", "nome"=>"Bruno dos Santos Del' Esposti", "matricula"=>"201521460019", "licenciatura"=>"Educação Física", "periodo"=>"8.º", "role"=>"0", "situacao"=>"1", "pdf_centro"=>"0", "pdf_guarus"=>"Preenchido", "pdf_publico"=>"0", "pdf_particular"=>"0", "pdf_naoformal"=>"0", "status_impressao"=>"0"}, "return_to"=>"http://localhost:3000/admin/user", "_save"=>"", "model_name"=>"user", "id"=>"6"}
  [1m[36mUser Load (0.4ms)[0m  [1m[34mSELECT  `users`.* FROM `users` WHERE `users`.`id` = 6 ORDER BY `users`.`id` ASC LIMIT 1[0m
  ↳ /home/lucas/.rbenv/versions/2.5.3/lib/ruby/gems/2.5.0/gems/activerecord-5.2.3/lib/active_record/log_subscriber.rb:98
  [1m[35m (0.3ms)[0m  [1m[35mBEGIN[0m
  ↳ /home/lucas/.rbenv/versions/2.5.3/lib/ruby/gems/2.5.0/gems/activerecord-5.2.3/lib/active_record/log_subscriber.rb:98
  [1m[36mUser Update (0.5ms)[0m  [1m[33mUPDATE `users` SET `status_impressao` = '0', `updated_at` = '2019-07-29 20:44:59' WHERE `users`.`id` = 6[0m
  ↳ /home/lucas/.rbenv/versions/2.5.3/lib/ruby/gems/2.5.0/gems/activerecord-5.2.3/lib/active_record/log_subscriber.rb:98
  [1m[35m (46.4ms)[0m  [1m[35mCOMMIT[0m
  ↳ /home/lucas/.rbenv/versions/2.5.3/lib/ruby/gems/2.5.0/gems/activerecord-5.2.3/lib/active_record/log_subscriber.rb:98
Redirected to http://localhost:3000/admin/user
Completed 302 Found in 67ms (ActiveRecord: 47.6ms)


Started GET "/admin/user" for 127.0.0.1 at 2019-07-29 17:44:59 -0300
Processing by RailsAdmin::MainController#index as HTML
  Parameters: {"model_name"=>"user"}
  Rendering /home/lucas/.rbenv/versions/2.5.3/lib/ruby/gems/2.5.0/gems/rails_admin-1.4.2/app/views/rails_admin/main/index.html.haml within layouts/rails_admin/application
  [1m[36mUser Load (0.6ms)[0m  [1m[34mSELECT  `users`.* FROM `users` ORDER BY users.id desc LIMIT 20 OFFSET 0[0m
  ↳ /home/lucas/.rbenv/versions/2.5.3/lib/ruby/gems/2.5.0/gems/activerecord-5.2.3/lib/active_record/log_subscriber.rb:98
  [1m[35m (0.4ms)[0m  [1m[34mSELECT COUNT(*) FROM `users`[0m
  ↳ config/initializers/will_paginate.rb:6
  Rendered /home/lucas/.rbenv/versions/2.5.3/lib/ruby/gems/2.5.0/gems/rails_admin-1.4.2/app/views/rails_admin/main/index.html.haml within layouts/rails_admin/application (83.1ms)
  Rendered /home/lucas/.rbenv/versions/2.5.3/lib/ruby/gems/2.5.0/gems/rails_admin-1.4.2/app/views/layouts/rails_admin/_secondary_navigation.html.haml (5.7ms)
  Rendered /home/lucas/.rbenv/versions/2.5.3/lib/ruby/gems/2.5.0/gems/rails_admin-1.4.2/app/views/layouts/rails_admin/_navigation.html.haml (13.8ms)
  Rendered /home/lucas/.rbenv/versions/2.5.3/lib/ruby/gems/2.5.0/gems/rails_admin-1.4.2/app/views/layouts/rails_admin/_sidebar_navigation.html.haml (10.5ms)
  Rendering /home/lucas/.rbenv/versions/2.5.3/lib/ruby/gems/2.5.0/gems/rails_admin-1.4.2/app/views/layouts/rails_admin/pjax.html.haml
  Rendered /home/lucas/.rbenv/versions/2.5.3/lib/ruby/gems/2.5.0/gems/rails_admin-1.4.2/app/views/layouts/rails_admin/pjax.html.haml (8.5ms)
Completed 200 OK in 280ms (Views: 269.9ms | ActiveRecord: 1.0ms)


Started GET "/welcome/index" for 127.0.0.1 at 2019-07-29 17:45:02 -0300
Processing by WelcomeController#index as HTML
  [1m[36mUser Exists (0.4ms)[0m  [1m[34mSELECT  1 AS one FROM `users` WHERE (nome LIKE '%%' OR matricula LIKE '%%' OR licenciatura LIKE '%%' OR periodo LIKE '%%' OR email LIKE '%%') LIMIT 1 OFFSET 0[0m
  ↳ app/controllers/welcome_controller.rb:5
  Rendering welcome/index.html.erb within layouts/application
  [1m[36mUser Load (0.5ms)[0m  [1m[34mSELECT  `users`.* FROM `users` WHERE `users`.`id` = 6 ORDER BY `users`.`id` ASC LIMIT 1[0m
  ↳ app/views/welcome/index.html.erb:1
  Rendered welcome/index.html.erb within layouts/application (6.9ms)
Completed 200 OK in 73ms (Views: 70.3ms | ActiveRecord: 0.8ms)


Started GET "/relatorio_guarus/index.pdf" for 127.0.0.1 at 2019-07-29 17:45:03 -0300
Processing by RelatorioGuarusController#index as PDF
  [1m[36mUser Load (0.5ms)[0m  [1m[34mSELECT  `users`.* FROM `users` WHERE `users`.`id` = 6 ORDER BY `users`.`id` ASC LIMIT 1[0m
  ↳ app/controllers/relatorio_guarus_controller.rb:5
  [1m[35m (0.1ms)[0m  [1m[35mBEGIN[0m
  ↳ app/controllers/relatorio_guarus_controller.rb:18
  [1m[36mUser Update (0.3ms)[0m  [1m[33mUPDATE `users` SET `status_impressao` = '1', `updated_at` = '2019-07-29 20:45:03' WHERE `users`.`id` = 6[0m
  ↳ app/controllers/relatorio_guarus_controller.rb:18
  [1m[35m (71.6ms)[0m  [1m[35mCOMMIT[0m
  ↳ app/controllers/relatorio_guarus_controller.rb:18
  [1m[36mRelatorio Load (0.7ms)[0m  [1m[34mSELECT `relatorios`.* FROM `relatorios`[0m
  ↳ app/pdfs/guarus_pdf.rb:17
  Rendering text template
  Rendered text template (0.0ms)
Sent data relatorio.pdf (0.6ms)
  Rendering contact_mailer/confirmacao_impressao.html.erb
  Rendered contact_mailer/confirmacao_impressao.html.erb (0.7ms)
ContactMailer#confirmacao_impressao: processed outbound mail in 13.6ms
Sent mail to napp_dirlic.centro@iff.edu.br (1367.2ms)
Date: Mon, 29 Jul 2019 17:45:04 -0300
From: napp_dirlic.centro@iff.edu.br
To: napp_dirlic.centro@iff.edu.br
Message-ID: <5d3f5ad0d341f_add2b10d447be1c952c1@lucas-Inspiron-5458.mail>
Subject: =?UTF-8?Q?Impress=C3=A3o_de_Formul=C3=A1rio?=
Mime-Version: 1.0
Content-Type: text/html;
 charset=UTF-8
Content-Transfer-Encoding: quoted-printable

<!DOCTYPE html>=0D
<html>=0D
  <head>=0D
    <meta content=3D'text/html; charset=3DUTF-8' http-equiv=3D'Content-Ty=
pe' />=0D
  </head>=0D
=0D
  <body>=0D
    <h1>Impress=C3=A3o do Documento</h1>=0D
    <h2>Data de envio: 29/07/2019 17:45</h2>=0D
=0D
    <p><strong>Usu=C3=A1rio(a): </strong>Bruno dos Santos Del&#39; Espost=
i</p>=0D
=0D
    <p><strong>Email: </strong>brunodelesposti@hotmail.com</p>=0D
=0D
    <p><strong>Matr=C3=ADcula: </strong>201521460019</p>=0D
=0D
    <p><strong>Curso: </strong>Educa=C3=A7=C3=A3o F=C3=ADsica</p>=0D
=0D
    <p><strong>Mensagem:</strong></p>=0D
    <p>O(a) usu=C3=A1rio(a) <strong>Bruno dos Santos Del&#39; Esposti</st=
rong> realizou a impress=C3=A3o do formul=C3=A1rio.</p>=0D
=0D
  </body>=0D
</html>=0D

Completed 200 OK in 2260ms (Views: 0.4ms | ActiveRecord: 73.2ms)


Started GET "/welcome/index" for 127.0.0.1 at 2019-07-29 17:45:11 -0300
Processing by WelcomeController#index as HTML
  [1m[36mUser Exists (0.4ms)[0m  [1m[34mSELECT  1 AS one FROM `users` WHERE (nome LIKE '%%' OR matricula LIKE '%%' OR licenciatura LIKE '%%' OR periodo LIKE '%%' OR email LIKE '%%') LIMIT 1 OFFSET 0[0m
  ↳ app/controllers/welcome_controller.rb:5
  Rendering welcome/index.html.erb within layouts/application
  [1m[36mUser Load (0.5ms)[0m  [1m[34mSELECT  `users`.* FROM `users` WHERE `users`.`id` = 6 ORDER BY `users`.`id` ASC LIMIT 1[0m
  ↳ app/views/welcome/index.html.erb:1
  Rendered welcome/index.html.erb within layouts/application (7.5ms)
Completed 200 OK in 60ms (Views: 56.9ms | ActiveRecord: 0.9ms)


Started GET "/users/sign_out" for 127.0.0.1 at 2019-07-29 17:46:18 -0300
Processing by Devise::SessionsController#destroy as HTML
  [1m[36mUser Load (0.4ms)[0m  [1m[34mSELECT  `users`.* FROM `users` WHERE `users`.`id` = 6 ORDER BY `users`.`id` ASC LIMIT 1[0m
  ↳ /home/lucas/.rbenv/versions/2.5.3/lib/ruby/gems/2.5.0/gems/activerecord-5.2.3/lib/active_record/log_subscriber.rb:98
  [1m[35m (0.1ms)[0m  [1m[35mBEGIN[0m
  ↳ /home/lucas/.rbenv/versions/2.5.3/lib/ruby/gems/2.5.0/gems/activerecord-5.2.3/lib/active_record/log_subscriber.rb:98
  [1m[35m (0.1ms)[0m  [1m[35mCOMMIT[0m
  ↳ /home/lucas/.rbenv/versions/2.5.3/lib/ruby/gems/2.5.0/gems/activerecord-5.2.3/lib/active_record/log_subscriber.rb:98
Redirected to http://localhost:3000/
Completed 302 Found in 5ms (ActiveRecord: 0.7ms)


Started GET "/" for 127.0.0.1 at 2019-07-29 17:46:18 -0300
Processing by WelcomeController#index as HTML
  [1m[36mUser Exists (0.5ms)[0m  [1m[34mSELECT  1 AS one FROM `users` WHERE (nome LIKE '%%' OR matricula LIKE '%%' OR licenciatura LIKE '%%' OR periodo LIKE '%%' OR email LIKE '%%') LIMIT 1 OFFSET 0[0m
  ↳ app/controllers/welcome_controller.rb:5
  Rendering welcome/index.html.erb within layouts/application
  Rendered welcome/index.html.erb within layouts/application (5.8ms)
Completed 200 OK in 60ms (Views: 57.4ms | ActiveRecord: 0.5ms)


Started GET "/users/sign_in" for 127.0.0.1 at 2019-07-29 17:46:20 -0300
Processing by Devise::SessionsController#new as HTML
  Rendering devise/sessions/new.html.erb within layouts/application
  Rendered devise/shared/_links.html.erb (1.5ms)
  Rendered devise/sessions/new.html.erb within layouts/application (7.1ms)
Completed 200 OK in 80ms (Views: 78.6ms | ActiveRecord: 0.0ms)


